#
# A fatal error has been detected by the Java Runtime Environment:
#
#  SIGSEGV (0xb) at pc=0x0000000000000000, pid=5840, tid=0x00007f9176ced700
#
# JRE version: OpenJDK Runtime Environment (8.0_151-b12) (build 1.8.0_151-8u151-b12-0ubuntu0.16.04.2-b12)
# Java VM: OpenJDK 64-Bit Server VM (25.151-b12 mixed mode linux-amd64 compressed oops)
# Problematic frame:
# C  0x0000000000000000
#
# Failed to write core dump. Core dumps have been disabled. To enable core dumping, try "ulimit -c unlimited" before starting Java again
#
# If you would like to submit a bug report, please visit:
#   http://bugreport.java.com/bugreport/crash.jsp
#

---------------  T H R E A D  ---------------

Current thread is native thread

siginfo: si_signo: 11 (SIGSEGV), si_code: 1 (SEGV_MAPERR), si_addr: 0x0000000000000000

Registers:
RAX=0x00007f9162f917c0, RBX=0x0000000000000800, RCX=0x0000000000000000, RDX=0x0000000000002000
RSP=0x00007f9176cecd58, RBP=0x00007f917c17c4c0, RSI=0x00007f917c192650, RDI=0x00007f917c17c4c0
R8 =0x0000000003cc4000, R9 =0x0000000000000001, R10=0x00007f917c17c4e4, R11=0x0000000000000000
R12=0x00007f917c180650, R13=0x0000000000012000, R14=0x0000000000002000, R15=0x00007f9176cecf08
RIP=0x0000000000000000, EFLAGS=0x0000000000010246, CSGSFS=0x002b000000000033, ERR=0x0000000000000014
  TRAPNO=0x000000000000000e

Top of Stack: (sp=0x00007f9176cecd58)
0x00007f9176cecd58:   00007f9162d5a4d1 0000000038000000
0x00007f9176cecd68:   0000000000000000 00000000bb800000
0x00007f9176cecd78:   00007f91628decd8 00007f9100000000
0x00007f9176cecd88:   00007f916268dc32 0000000000000000
0x00007f9176cecd98:   00007f916c0081e0 00007f9150000e60
0x00007f9176cecda8:   00007f91e381c2b9 0000000000000000
0x00007f9176cecdb8:   00007f9162685fbb 00007f916c001030
0x00007f9176cecdc8:   0000000000000000 0000000000002000
0x00007f9176cecdd8:   0000000000000000 00007f917c1784d0
0x00007f9176cecde8:   00007f9162b0cd9a 5700000000000000
0x00007f9176cecdf8:   d75cb02c35b1f200 0000000000000000
0x00007f9176cece08:   00007f9162b0ceb4 0000000000000000
0x00007f9176cece18:   00007f916268dc32 0000000000002000
0x00007f9176cece28:   00007f917c177ec0 0000000000004000
0x00007f9176cece38:   00007f9162696582 0000000000004000
0x00007f9176cece48:   00007f917c180650 00007f917c180650
0x00007f9176cece58:   0000000000004000 00007f917c177ec0
0x00007f9176cece68:   00007f915bd1d040 0000080076cecf00
0x00007f9176cece78:   00007f9176cece90 00007f9176ceceb0
0x00007f9176cece88:   00007f9162b10e79 00001fa50000037f
0x00007f9176cece98:   00007f917c1784d0 0000000000000000
0x00007f9176cecea8:   0000000000004000 00007f917c1770a0
0x00007f9176ceceb8:   0000000000000000 00007f917c17c4c0
0x00007f9176cecec8:   0000000000000008 00007f9176cecf08
0x00007f9176ceced8:   00007f9162d70544 00007f9176cecf10
0x00007f9176cecee8:   00007f9176cecf00 0000000000002000
0x00007f9176cecef8:   0000000000006000 00007f915bd1d040
0x00007f9176cecf08:   0000000000004000 00007f91e3ae5900
0x00007f9176cecf18:   00007f917c17bd50 0000000000000000
0x00007f9176cecf28:   0000000000000000 00007f91849cf3bf
0x00007f9176cecf38:   0000000000100000 00007f91dca896e0
0x00007f9176cecf48:   00007f9162d6373a 0000000000000000 

Instructions: (pc=0x0000000000000000)
0xffffffffffffffe0:   

Register to memory mapping:

RAX=0x00007f9162f917c0: <offset 0x2577c0> in /tmp/libgdxshamery/31ce78a2/libopenal64.so at 0x00007f9162d3a000
RBX=0x0000000000000800 is an unknown value
RCX=0x0000000000000000 is an unknown value
RDX=0x0000000000002000 is an unknown value
RSP=0x00007f9176cecd58 is an unknown value
RBP=0x00007f917c17c4c0 is an unknown value
RSI=0x00007f917c192650 is an unknown value
RDI=0x00007f917c17c4c0 is an unknown value
R8 =0x0000000003cc4000 is an unknown value
R9 =0x0000000000000001 is an unknown value
R10=0x00007f917c17c4e4 is an unknown value
R11=0x0000000000000000 is an unknown value
R12=0x00007f917c180650 is an unknown value
R13=0x0000000000012000 is an unknown value
R14=0x0000000000002000 is an unknown value
R15=0x00007f9176cecf08 is an unknown value


Stack: [0x00007f9176bed000,0x00007f9176cee000],  sp=0x00007f9176cecd58,  free space=1023k

---------------  P R O C E S S  ---------------

VM state:at safepoint (shutting down)

VM Mutex/Monitor currently owned by a thread:  ([mutex/lock_event])
[0x00007f91dc006060] Threads_lock - owner thread: 0x00007f91dc13c000

Heap:
 PSYoungGen      total 308736K, used 86683K [0x00000000d6f00000, 0x00000000efb00000, 0x0000000100000000)
  eden space 212480K, 5% used [0x00000000d6f00000,0x00000000d7a06e50,0x00000000e3e80000)
  from space 96256K, 78% used [0x00000000e3e80000,0x00000000e8820010,0x00000000e9c80000)
  to   space 95744K, 0% used [0x00000000e9d80000,0x00000000e9d80000,0x00000000efb00000)
 ParOldGen       total 412160K, used 300809K [0x0000000084c00000, 0x000000009de80000, 0x00000000d6f00000)
  object space 412160K, 72% used [0x0000000084c00000,0x00000000971c2408,0x000000009de80000)
 Metaspace       used 53558K, capacity 55521K, committed 61104K, reserved 1099776K
  class space    used 8817K, capacity 9365K, committed 10928K, reserved 1048576K

Card table byte_map: [0x00007f91e091f000,0x00007f91e0cfa000] byte_map_base: 0x00007f91e04f9000

Marking Bits: (ParMarkBitMap*) 0x00007f91e30cd2c0
 Begin Bits: [0x00007f91c4260000, 0x00007f91c6130000)
 End Bits:   [0x00007f91c6130000, 0x00007f91c8000000)

Polling page: 0x00007f91e3f20000

CodeCache: size=245760Kb used=29447Kb max_used=29447Kb free=216312Kb
 bounds [0x00007f91cd000000, 0x00007f91cecf0000, 0x00007f91dc000000]
 total_blobs=9842 nmethods=8878 adapters=874
 compilation: enabled

Compilation events (10 events):
Event: 698,156 Thread 0x00007f91dc177000 10914 %     3       java.awt.EventDispatchThread::pumpEventsForFilter @ 10 (47 bytes)
Event: 698,156 Thread 0x00007f91dc177000 nmethod 10914% 0x00007f91cd14c410 code [0x00007f91cd14c5e0, 0x00007f91cd14cc08]
Event: 698,157 Thread 0x00007f91dc177000 10915       3       java.awt.EventDispatchThread::pumpEventsForFilter (47 bytes)
Event: 698,157 Thread 0x00007f91dc177000 nmethod 10915 0x00007f91cecb9750 code [0x00007f91cecb9920, 0x00007f91cecb9e88]
Event: 795,544 Thread 0x00007f91dc177000 10916 % !   3       sun.awt.X11.XToolkit::run @ 59 (410 bytes)
Event: 795,550 Thread 0x00007f91dc177000 nmethod 10916% 0x00007f91cecd3f90 code [0x00007f91cecd4960, 0x00007f91cecdc2d8]
Event: 806,069 Thread 0x00007f91dc177000 10917   !   3       sun.awt.X11.XToolkit::run (410 bytes)
Event: 806,073 Thread 0x00007f91dc177000 nmethod 10917 0x00007f91cece0fd0 code [0x00007f91cece1980, 0x00007f91cece7d38]
Event: 897,514 Thread 0x00007f91dc177000 10918       3       java.util.logging.LogManager$LoggerContext::ensureInitialized (24 bytes)
Event: 897,615 Thread 0x00007f91dc177000 nmethod 10918 0x00007f91cd5ff990 code [0x00007f91cd5ffb60, 0x00007f91cd600388]

GC Heap History (10 events):
Event: 842,845 GC heap before
{Heap before GC invocations=111 (full 4):
 PSYoungGen      total 308224K, used 283328K [0x00000000d6f00000, 0x00000000efd80000, 0x0000000100000000)
  eden space 209408K, 100% used [0x00000000d6f00000,0x00000000e3b80000,0x00000000e3b80000)
  from space 98816K, 74% used [0x00000000e9d00000,0x00000000ee530010,0x00000000efd80000)
  to   space 99328K, 0% used [0x00000000e3b80000,0x00000000e3b80000,0x00000000e9c80000)
 ParOldGen       total 412160K, used 276793K [0x0000000084c00000, 0x000000009de80000, 0x00000000d6f00000)
  object space 412160K, 67% used [0x0000000084c00000,0x0000000095a4e408,0x000000009de80000)
 Metaspace       used 53545K, capacity 55521K, committed 61104K, reserved 1099776K
  class space    used 8816K, capacity 9365K, committed 10928K, reserved 1048576K
Event: 842,876 GC heap after
Heap after GC invocations=111 (full 4):
 PSYoungGen      total 308736K, used 74176K [0x00000000d6f00000, 0x00000000efd00000, 0x0000000100000000)
  eden space 209408K, 0% used [0x00000000d6f00000,0x00000000d6f00000,0x00000000e3b80000)
  from space 99328K, 74% used [0x00000000e3b80000,0x00000000e83f0010,0x00000000e9c80000)
  to   space 98304K, 0% used [0x00000000e9d00000,0x00000000e9d00000,0x00000000efd00000)
 ParOldGen       total 412160K, used 281569K [0x0000000084c00000, 0x000000009de80000, 0x00000000d6f00000)
  object space 412160K, 68% used [0x0000000084c00000,0x0000000095ef8408,0x000000009de80000)
 Metaspace       used 53545K, capacity 55521K, committed 61104K, reserved 1099776K
  class space    used 8816K, capacity 9365K, committed 10928K, reserved 1048576K
}
Event: 856,363 GC heap before
{Heap before GC invocations=112 (full 4):
 PSYoungGen      total 308736K, used 283584K [0x00000000d6f00000, 0x00000000efd00000, 0x0000000100000000)
  eden space 209408K, 100% used [0x00000000d6f00000,0x00000000e3b80000,0x00000000e3b80000)
  from space 99328K, 74% used [0x00000000e3b80000,0x00000000e83f0010,0x00000000e9c80000)
  to   space 98304K, 0% used [0x00000000e9d00000,0x00000000e9d00000,0x00000000efd00000)
 ParOldGen       total 412160K, used 281569K [0x0000000084c00000, 0x000000009de80000, 0x00000000d6f00000)
  object space 412160K, 68% used [0x0000000084c00000,0x0000000095ef8408,0x000000009de80000)
 Metaspace       used 53545K, capacity 55521K, committed 61104K, reserved 1099776K
  class space    used 8816K, capacity 9365K, committed 10928K, reserved 1048576K
Event: 856,393 GC heap after
Heap after GC invocations=112 (full 4):
 PSYoungGen      total 308224K, used 74464K [0x00000000d6f00000, 0x00000000efc00000, 0x0000000100000000)
  eden space 210944K, 0% used [0x00000000d6f00000,0x00000000d6f00000,0x00000000e3d00000)
  from space 97280K, 76% used [0x00000000e9d00000,0x00000000ee5b8010,0x00000000efc00000)
  to   space 97792K, 0% used [0x00000000e3d00000,0x00000000e3d00000,0x00000000e9c80000)
 ParOldGen       total 412160K, used 286385K [0x0000000084c00000, 0x000000009de80000, 0x00000000d6f00000)
  object space 412160K, 69% used [0x0000000084c00000,0x00000000963ac408,0x000000009de80000)
 Metaspace       used 53545K, capacity 55521K, committed 61104K, reserved 1099776K
  class space    used 8816K, capacity 9365K, committed 10928K, reserved 1048576K
}
Event: 870,190 GC heap before
{Heap before GC invocations=113 (full 4):
 PSYoungGen      total 308224K, used 285408K [0x00000000d6f00000, 0x00000000efc00000, 0x0000000100000000)
  eden space 210944K, 100% used [0x00000000d6f00000,0x00000000e3d00000,0x00000000e3d00000)
  from space 97280K, 76% used [0x00000000e9d00000,0x00000000ee5b8010,0x00000000efc00000)
  to   space 97792K, 0% used [0x00000000e3d00000,0x00000000e3d00000,0x00000000e9c80000)
 ParOldGen       total 412160K, used 286385K [0x0000000084c00000, 0x000000009de80000, 0x00000000d6f00000)
  object space 412160K, 69% used [0x0000000084c00000,0x00000000963ac408,0x000000009de80000)
 Metaspace       used 53545K, capacity 55521K, committed 61104K, reserved 1099776K
  class space    used 8816K, capacity 9365K, committed 10928K, reserved 1048576K
Event: 870,225 GC heap after
Heap after GC invocations=113 (full 4):
 PSYoungGen      total 308736K, used 74784K [0x00000000d6f00000, 0x00000000efb80000, 0x0000000100000000)
  eden space 210944K, 0% used [0x00000000d6f00000,0x00000000d6f00000,0x00000000e3d00000)
  from space 97792K, 76% used [0x00000000e3d00000,0x00000000e8608010,0x00000000e9c80000)
  to   space 96768K, 0% used [0x00000000e9d00000,0x00000000e9d00000,0x00000000efb80000)
 ParOldGen       total 412160K, used 291185K [0x0000000084c00000, 0x000000009de80000, 0x00000000d6f00000)
  object space 412160K, 70% used [0x0000000084c00000,0x000000009685c408,0x000000009de80000)
 Metaspace       used 53545K, capacity 55521K, committed 61104K, reserved 1099776K
  class space    used 8816K, capacity 9365K, committed 10928K, reserved 1048576K
}
Event: 883,783 GC heap before
{Heap before GC invocations=114 (full 4):
 PSYoungGen      total 308736K, used 285728K [0x00000000d6f00000, 0x00000000efb80000, 0x0000000100000000)
  eden space 210944K, 100% used [0x00000000d6f00000,0x00000000e3d00000,0x00000000e3d00000)
  from space 97792K, 76% used [0x00000000e3d00000,0x00000000e8608010,0x00000000e9c80000)
  to   space 96768K, 0% used [0x00000000e9d00000,0x00000000e9d00000,0x00000000efb80000)
 ParOldGen       total 412160K, used 291185K [0x0000000084c00000, 0x000000009de80000, 0x00000000d6f00000)
  object space 412160K, 70% used [0x0000000084c00000,0x000000009685c408,0x000000009de80000)
 Metaspace       used 53545K, capacity 55521K, committed 61104K, reserved 1099776K
  class space    used 8816K, capacity 9365K, committed 10928K, reserved 1048576K
Event: 883,815 GC heap after
Heap after GC invocations=114 (full 4):
 PSYoungGen      total 308224K, used 75104K [0x00000000d6f00000, 0x00000000efa80000, 0x0000000100000000)
  eden space 212480K, 0% used [0x00000000d6f00000,0x00000000d6f00000,0x00000000e3e80000)
  from space 95744K, 78% used [0x00000000e9d00000,0x00000000ee658010,0x00000000efa80000)
  to   space 96256K, 0% used [0x00000000e3e80000,0x00000000e3e80000,0x00000000e9c80000)
 ParOldGen       total 412160K, used 295993K [0x0000000084c00000, 0x000000009de80000, 0x00000000d6f00000)
  object space 412160K, 71% used [0x0000000084c00000,0x0000000096d0e408,0x000000009de80000)
 Metaspace       used 53545K, capacity 55521K, committed 61104K, reserved 1099776K
  class space    used 8816K, capacity 9365K, committed 10928K, reserved 1048576K
}
Event: 897,426 GC heap before
{Heap before GC invocations=115 (full 4):
 PSYoungGen      total 308224K, used 287584K [0x00000000d6f00000, 0x00000000efa80000, 0x0000000100000000)
  eden space 212480K, 100% used [0x00000000d6f00000,0x00000000e3e80000,0x00000000e3e80000)
  from space 95744K, 78% used [0x00000000e9d00000,0x00000000ee658010,0x00000000efa80000)
  to   space 96256K, 0% used [0x00000000e3e80000,0x00000000e3e80000,0x00000000e9c80000)
 ParOldGen       total 412160K, used 295993K [0x0000000084c00000, 0x000000009de80000, 0x00000000d6f00000)
  object space 412160K, 71% used [0x0000000084c00000,0x0000000096d0e408,0x000000009de80000)
 Metaspace       used 53547K, capacity 55521K, committed 61104K, reserved 1099776K
  class space    used 8816K, capacity 9365K, committed 10928K, reserved 1048576K
Event: 897,461 GC heap after
Heap after GC invocations=115 (full 4):
 PSYoungGen      total 308736K, used 75392K [0x00000000d6f00000, 0x00000000efb00000, 0x0000000100000000)
  eden space 212480K, 0% used [0x00000000d6f00000,0x00000000d6f00000,0x00000000e3e80000)
  from space 96256K, 78% used [0x00000000e3e80000,0x00000000e8820010,0x00000000e9c80000)
  to   space 95744K, 0% used [0x00000000e9d80000,0x00000000e9d80000,0x00000000efb00000)
 ParOldGen       total 412160K, used 300809K [0x0000000084c00000, 0x000000009de80000, 0x00000000d6f00000)
  object space 412160K, 72% used [0x0000000084c00000,0x00000000971c2408,0x000000009de80000)
 Metaspace       used 53547K, capacity 55521K, committed 61104K, reserved 1099776K
  class space    used 8816K, capacity 9365K, committed 10928K, reserved 1048576K
}

Deoptimization events (10 events):
Event: 112,385 Thread 0x00007f91dc489800 Uncommon trap: reason=class_check action=maybe_recompile pc=0x00007f91ce4a61e0 method=javax.swing.BufferStrategyPaintManager.fetchRoot(Ljavax/swing/JComponent;)Ljava/awt/Container; @ 111
Event: 112,823 Thread 0x00007f91dc489800 Uncommon trap: reason=unstable_if action=reinterpret pc=0x00007f91ce2abab4 method=edu.warbot.gui.viewer.gdx.animations.WarViewerAnimationExplosion.render(FLcom/badlogic/gdx/graphics/OrthographicCamera;Lcom/badlogic/gdx/graphics/g2d/SpriteBatch;)V @ 79
Event: 232,285 Thread 0x00007f91dc489800 Uncommon trap: reason=unstable_if action=reinterpret pc=0x00007f91cebaf5dc method=java.awt.ModalEventFilter.acceptEvent(Ljava/awt/AWTEvent;)Ljava/awt/EventFilter$FilterAction; @ 37
Event: 232,285 Thread 0x00007f91dc489800 Uncommon trap: reason=unstable_if action=reinterpret pc=0x00007f91ce7e08a8 method=java.awt.EventDispatchThread.pumpOneEventForFilters(I)V @ 119
Event: 232,318 Thread 0x00007f91dc489800 Uncommon trap: reason=unstable_if action=reinterpret pc=0x00007f91ceb62b40 method=sun.awt.X11.XToolkit.getLastCursorPos(Ljava/awt/Point;)Z @ 7
Event: 233,235 Thread 0x00007f91dc489800 Uncommon trap: reason=class_check action=maybe_recompile pc=0x00007f91ce4a61e0 method=javax.swing.BufferStrategyPaintManager.fetchRoot(Ljavax/swing/JComponent;)Ljava/awt/Container; @ 111
Event: 634,196 Thread 0x00007f91dc144000 Uncommon trap: reason=unstable_if action=reinterpret pc=0x00007f91ce6e6698 method=sun.misc.Cleaner.remove(Lsun/misc/Cleaner;)Z @ 45
Event: 897,515 Thread 0x00007f91dc416000 Uncommon trap: reason=unstable_if action=reinterpret pc=0x00007f91ce83bb60 method=java.util.concurrent.locks.AbstractQueuedSynchronizer.acquireQueued(Ljava/util/concurrent/locks/AbstractQueuedSynchronizer$Node;I)Z @ 17
Event: 897,679 Thread 0x00007f9170027800 Uncommon trap: reason=bimorphic action=maybe_recompile pc=0x00007f91ce835634 method=java.util.ArrayList.<init>(Ljava/util/Collection;)V @ 6
Event: 897,856 Thread 0x00007f91a0001000 Uncommon trap: reason=bimorphic action=maybe_recompile pc=0x00007f91ce835634 method=java.util.ArrayList.<init>(Ljava/util/Collection;)V @ 6

Internal exceptions (10 events):
Event: 12,986 Thread 0x00007f9170001800 Exception <a 'java/lang/NoClassDefFoundError'> (0x00000000dacbf610) thrown at [/build/openjdk-8-W2Qe27/openjdk-8-8u151-b12/src/hotspot/src/share/vm/prims/jvm.cpp, line 1394]
Event: 13,575 Thread 0x00007f91dc489800 Exception <a 'java/lang/UnsupportedOperationException': > (0x00000000dd720f18) thrown at [/build/openjdk-8-W2Qe27/openjdk-8-8u151-b12/src/hotspot/src/share/vm/prims/jni.cpp, line 735]
Event: 23,043 Thread 0x00007f91dc489800 Implicit null exception at 0x00007f91ce678f43 to 0x00007f91ce679501
Event: 23,293 Thread 0x00007f91dc489800 Implicit null exception at 0x00007f91ce67fd61 to 0x00007f91ce6802b9
Event: 23,527 Thread 0x00007f91dc489800 Implicit null exception at 0x00007f91ce6ab09c to 0x00007f91ce6ab4d1
Event: 83,245 Thread 0x00007f91dc489800 Implicit null exception at 0x00007f91ce4a3735 to 0x00007f91ce4a3895
Event: 104,387 Thread 0x00007f916801a000 Implicit null exception at 0x00007f91ce437ff4 to 0x00007f91ce43846d
Event: 112,373 Thread 0x00007f91dc489800 Exception <a 'java/lang/UnsupportedOperationException': > (0x00000000e669ac58) thrown at [/build/openjdk-8-W2Qe27/openjdk-8-8u151-b12/src/hotspot/src/share/vm/prims/jni.cpp, line 735]
Event: 232,318 Thread 0x00007f91dc489800 Implicit null exception at 0x00007f91ceb5f263 to 0x00007f91ceb62b21
Event: 634,196 Thread 0x00007f91dc144000 Implicit null exception at 0x00007f91ce6e6451 to 0x00007f91ce6e6689

Events (10 events):
Event: 897,680 Thread 0x00007f9170027800 DEOPT UNPACKING pc=0x00007f91cd004f69 sp=0x00007f91551d2f30 mode 2
Event: 897,806 Thread 0x00007f913800b000 Thread added: 0x00007f913800b000
Event: 897,823 Executing VM operation: RevokeBias
Event: 897,826 Executing VM operation: RevokeBias done
Event: 897,848 Thread 0x00007f9170025000 Thread exited: 0x00007f9170025000
Event: 897,855 Thread 0x00007f9170027800 Thread exited: 0x00007f9170027800
Event: 897,856 Thread 0x00007f91a0001000 Uncommon trap: trap_request=0xffffffc6 fr.pc=0x00007f91ce835634
Event: 897,856 Thread 0x00007f91a0001000 DEOPT PACKING pc=0x00007f91ce835634 sp=0x00007f91848cf680
Event: 897,856 Thread 0x00007f91a0001000 DEOPT UNPACKING pc=0x00007f91cd004f69 sp=0x00007f91848cf670 mode 2
Event: 897,863 Executing VM operation: Exit


Dynamic libraries:
00400000-00401000 r-xp 00000000 08:03 1585351                            /usr/lib/jvm/java-8-openjdk-amd64/jre/bin/java
00600000-00601000 r--p 00000000 08:03 1585351                            /usr/lib/jvm/java-8-openjdk-amd64/jre/bin/java
00601000-00602000 rw-p 00001000 08:03 1585351                            /usr/lib/jvm/java-8-openjdk-amd64/jre/bin/java
01435000-01456000 rw-p 00000000 00:00 0                                  [heap]
84c00000-9de80000 rw-p 00000000 00:00 0 
9de80000-d6f00000 ---p 00000000 00:00 0 
d6f00000-efb00000 rw-p 00000000 00:00 0 
efb00000-100000000 ---p 00000000 00:00 0 
100000000-100aac000 rw-p 00000000 00:00 0 
100aac000-140000000 ---p 00000000 00:00 0 
7f8f28000000-7f8f2a977000 rw-p 00000000 00:00 0 
7f8f2a977000-7f8f2c000000 ---p 00000000 00:00 0 
7f8f30000000-7f8f38000000 rw-p 00000000 00:00 0 
7f8f38000000-7f8f3bff6000 rw-p 00000000 00:00 0 
7f8f3bff6000-7f8f3c000000 ---p 00000000 00:00 0 
7f8f3c000000-7f8f40000000 rw-p 00000000 00:00 0 
7f8f40000000-7f8f48000000 rw-p 00000000 00:00 0 
7f8f48000000-7f8f4fff3000 rw-p 00000000 00:00 0 
7f8f4fff3000-7f8f50000000 ---p 00000000 00:00 0 
7f8f50000000-7f8f53ffa000 rw-p 00000000 00:00 0 
7f8f53ffa000-7f8f54000000 ---p 00000000 00:00 0 
7f8f54000000-7f8f58000000 rw-p 00000000 00:00 0 
7f8f58000000-7f8f60000000 rw-p 00000000 00:00 0 
7f8f60000000-7f8f67ff3000 rw-p 00000000 00:00 0 
7f8f67ff3000-7f8f68000000 ---p 00000000 00:00 0 
7f8f68000000-7f8f6bff7000 rw-p 00000000 00:00 0 
7f8f6bff7000-7f8f6c000000 ---p 00000000 00:00 0 
7f8f6c000000-7f8f70000000 rw-p 00000000 00:00 0 
7f8f70000000-7f8f78000000 rw-p 00000000 00:00 0 
7f8f78000000-7f8f7fff4000 rw-p 00000000 00:00 0 
7f8f7fff4000-7f8f80000000 ---p 00000000 00:00 0 
7f8f80000000-7f8f83ff9000 rw-p 00000000 00:00 0 
7f8f83ff9000-7f8f84000000 ---p 00000000 00:00 0 
7f8f84000000-7f8f88000000 rw-p 00000000 00:00 0 
7f8f88000000-7f8f90000000 rw-p 00000000 00:00 0 
7f8f90000000-7f8f97ff3000 rw-p 00000000 00:00 0 
7f8f97ff3000-7f8f98000000 ---p 00000000 00:00 0 
7f8f98000000-7f8f9bff9000 rw-p 00000000 00:00 0 
7f8f9bff9000-7f8f9c000000 ---p 00000000 00:00 0 
7f8f9c000000-7f8fa0000000 rw-p 00000000 00:00 0 
7f8fa0000000-7f8fa8000000 rw-p 00000000 00:00 0 
7f8fa8000000-7f8fafff5000 rw-p 00000000 00:00 0 
7f8fafff5000-7f8fb0000000 ---p 00000000 00:00 0 
7f8fb0000000-7f8fb3ffa000 rw-p 00000000 00:00 0 
7f8fb3ffa000-7f8fb4000000 ---p 00000000 00:00 0 
7f8fb4000000-7f8fb8000000 rw-p 00000000 00:00 0 
7f8fb8000000-7f8fc0000000 rw-p 00000000 00:00 0 
7f8fc0000000-7f8fc7ff4000 rw-p 00000000 00:00 0 
7f8fc7ff4000-7f8fc8000000 ---p 00000000 00:00 0 
7f8fc8000000-7f8fcbff9000 rw-p 00000000 00:00 0 
7f8fcbff9000-7f8fcc000000 ---p 00000000 00:00 0 
7f8fcc000000-7f8fd0000000 rw-p 00000000 00:00 0 
7f8fd0000000-7f8fd8000000 rw-p 00000000 00:00 0 
7f8fd8000000-7f8fdfff8000 rw-p 00000000 00:00 0 
7f8fdfff8000-7f8fe0000000 ---p 00000000 00:00 0 
7f8fe0000000-7f8fe8000000 rw-p 00000000 00:00 0 
7f8fe8000000-7f8febff3000 rw-p 00000000 00:00 0 
7f8febff3000-7f8fec000000 ---p 00000000 00:00 0 
7f8fec000000-7f8ff0000000 rw-p 00000000 00:00 0 
7f8ff0000000-7f8ff8000000 rw-p 00000000 00:00 0 
7f8ff8000000-7f8ffbff7000 rw-p 00000000 00:00 0 
7f8ffbff7000-7f8ffc000000 ---p 00000000 00:00 0 
7f8ffc000000-7f9000000000 rw-p 00000000 00:00 0 
7f9000000000-7f9008000000 rw-p 00000000 00:00 0 
7f9008000000-7f9010000000 rw-p 00000000 00:00 0 
7f9010000000-7f9013ffc000 rw-p 00000000 00:00 0 
7f9013ffc000-7f9014000000 ---p 00000000 00:00 0 
7f9014000000-7f9018000000 rw-p 00000000 00:00 0 
7f9018000000-7f9020000000 rw-p 00000000 00:00 0 
7f9020000000-7f9028000000 rw-p 00000000 00:00 0 
7f9028000000-7f9030000000 rw-p 00000000 00:00 0 
7f9030000000-7f9033ff6000 rw-p 00000000 00:00 0 
7f9033ff6000-7f9034000000 ---p 00000000 00:00 0 
7f9034000000-7f9037fff000 rw-p 00000000 00:00 0 
7f9037fff000-7f9038000000 ---p 00000000 00:00 0 
7f9038000000-7f9040000000 rw-p 00000000 00:00 0 
7f9040000000-7f9048000000 rw-p 00000000 00:00 0 
7f9048000000-7f9050000000 rw-p 00000000 00:00 0 
7f9050000000-7f9053ff3000 rw-p 00000000 00:00 0 
7f9053ff3000-7f9054000000 ---p 00000000 00:00 0 
7f9054000000-7f9058000000 rw-p 00000000 00:00 0 
7f9058000000-7f905fffb000 rw-p 00000000 00:00 0 
7f905fffb000-7f9060000000 ---p 00000000 00:00 0 
7f9060000000-7f9068000000 rw-p 00000000 00:00 0 
7f9068000000-7f9070000000 rw-p 00000000 00:00 0 
7f9070000000-7f9077fff000 rw-p 00000000 00:00 0 
7f9077fff000-7f9078000000 ---p 00000000 00:00 0 
7f9078000000-7f907bfff000 rw-p 00000000 00:00 0 
7f907bfff000-7f907c000000 ---p 00000000 00:00 0 
7f907c000000-7f9080000000 rw-p 00000000 00:00 0 
7f9080000000-7f9088000000 rw-p 00000000 00:00 0 
7f9088000000-7f908fff5000 rw-p 00000000 00:00 0 
7f908fff5000-7f9090000000 ---p 00000000 00:00 0 
7f9090000000-7f9097ff7000 rw-p 00000000 00:00 0 
7f9097ff7000-7f9098000000 ---p 00000000 00:00 0 
7f9098000000-7f90a0000000 rw-p 00000000 00:00 0 
7f90a0000000-7f90a8000000 rw-p 00000000 00:00 0 
7f90a8000000-7f90b0000000 rw-p 00000000 00:00 0 
7f90b0000000-7f90b8000000 rw-p 00000000 00:00 0 
7f90b8000000-7f90bfffd000 rw-p 00000000 00:00 0 
7f90bfffd000-7f90c0000000 ---p 00000000 00:00 0 
7f90c0000000-7f90c8000000 rw-p 00000000 00:00 0 
7f90c8000000-7f90cbff4000 rw-p 00000000 00:00 0 
7f90cbff4000-7f90cc000000 ---p 00000000 00:00 0 
7f90cc000000-7f90cfffa000 rw-p 00000000 00:00 0 
7f90cfffa000-7f90d0000000 ---p 00000000 00:00 0 
7f90d0000000-7f90d3ff6000 rw-p 00000000 00:00 0 
7f90d3ff6000-7f90d4000000 ---p 00000000 00:00 0 
7f90d4000000-7f90d8000000 rw-p 00000000 00:00 0 
7f90d8000000-7f90e0000000 rw-p 00000000 00:00 0 
7f90e0000000-7f90e8000000 rw-p 00000000 00:00 0 
7f90e8000000-7f90efff6000 rw-p 00000000 00:00 0 
7f90efff6000-7f90f0000000 ---p 00000000 00:00 0 
7f90f0000000-7f90f3ffe000 rw-p 00000000 00:00 0 
7f90f3ffe000-7f90f4000000 ---p 00000000 00:00 0 
7f90f4000000-7f90f8000000 rw-p 00000000 00:00 0 
7f90f8000000-7f9100000000 rw-p 00000000 00:00 0 
7f9100000000-7f9107ffb000 rw-p 00000000 00:00 0 
7f9107ffb000-7f9108000000 ---p 00000000 00:00 0 
7f9108000000-7f9110000000 rw-p 00000000 00:00 0 
7f9110000000-7f9118000000 rw-p 00000000 00:00 0 
7f9118000000-7f9120000000 rw-p 00000000 00:00 0 
7f9120000000-7f9123ff6000 rw-p 00000000 00:00 0 
7f9123ff6000-7f9124000000 ---p 00000000 00:00 0 
7f9124000000-7f9127ff7000 rw-p 00000000 00:00 0 
7f9127ff7000-7f9128000000 ---p 00000000 00:00 0 
7f9128000000-7f912c000000 rw-p 00000000 00:00 0 
7f912e5e5000-7f912efce000 rw-p 00000000 00:00 0 
7f912effe000-7f912efff000 ---p 00000000 00:00 0 
7f912efff000-7f912f7ff000 rw-p 00000000 00:00 0 
7f912f7ff000-7f912f800000 ---p 00000000 00:00 0 
7f912f800000-7f9130000000 rw-p 00000000 00:00 0 
7f9130000000-7f91300ac000 rw-p 00000000 00:00 0 
7f91300ac000-7f9134000000 ---p 00000000 00:00 0 
7f9134003000-7f9134004000 rw-s 00000000 00:05 277368                     /memfd:xshmfence (deleted)
7f9134360000-7f9134460000 rw-p 00000000 00:00 0 
7f9134460000-7f9134560000 ---p 00000000 00:00 0 
7f9134560000-7f9134567000 r--s 00000000 08:03 1867263                    /var/cache/fontconfig/4be9850f182b35c1350b6bbf2e42601c-le64.cache-6
7f9134567000-7f9134569000 r--s 00000000 08:03 1867318                    /var/cache/fontconfig/30a99c4256905863f7aa12b5e873c27c-le64.cache-6
7f9134569000-7f913456a000 r--s 00000000 08:03 1867266                    /var/cache/fontconfig/087e1975ba9a574b140bb1df193bf770-le64.cache-6
7f913456a000-7f913456e000 r--s 00000000 08:03 1854913                    /var/cache/fontconfig/6aa41aa22e18b8fa06a12da28ea9c28b-le64.cache-6
7f913456e000-7f9134579000 r--s 00000000 08:03 1867331                    /var/cache/fontconfig/945677eb7aeaf62f1d50efc3fb3ec7d8-le64.cache-6
7f9134579000-7f913457b000 r--s 00000000 08:03 1867275                    /var/cache/fontconfig/99e8ed0e538f840c565b6ed5dad60d56-le64.cache-6
7f913457b000-7f9134584000 r--s 00000000 08:03 1867295                    /var/cache/fontconfig/a6d8cf8e4ec09cdbc8633c31745a07dd-le64.cache-6
7f9134584000-7f913458a000 r--s 00000000 08:03 1867290                    /var/cache/fontconfig/2cd17615ca594fa2959ae173292e504c-le64.cache-6
7f913458a000-7f913458b000 r--s 00000000 08:03 1867277                    /var/cache/fontconfig/0d8c3b2ac0904cb8a57a757ad11a4a08-le64.cache-6
7f913458b000-7f913458f000 r--s 00000000 08:03 1867344                    /var/cache/fontconfig/6d41288fd70b0be22e8c3a91e032eec0-le64.cache-6
7f913458f000-7f9134593000 r--s 00000000 08:03 1867267                    /var/cache/fontconfig/de156ccd2eddbdc19d37a45b8b2aac9c-le64.cache-6
7f9134593000-7f91345a8000 r--s 00000000 08:03 1867272                    /var/cache/fontconfig/04aabc0a78ac019cf9454389977116d2-le64.cache-6
7f91345a8000-7f91345a9000 r--s 00000000 08:03 1867309                    /var/cache/fontconfig/1ac9eb803944fde146138c791f5cc56a-le64.cache-6
7f91345a9000-7f91345ad000 r--s 00000000 08:03 1867345                    /var/cache/fontconfig/385c0604a188198f04d133e54aba7fe7-le64.cache-6
7f91345ad000-7f91345ae000 r--s 00000000 08:03 1867340                    /var/cache/fontconfig/9c956a7723ca69a44b382d9179c9802f-le64.cache-6
7f91345ae000-7f91345af000 r--s 00000000 08:03 1867278                    /var/cache/fontconfig/dc05db6664285cc2f12bf69c139ae4c3-le64.cache-6
7f91345af000-7f91345b2000 r--s 00000000 08:03 1867292                    /var/cache/fontconfig/767a8244fc0220cfb567a839d0392e0b-le64.cache-6
7f91345b2000-7f91345b3000 r--s 00000000 08:03 1867291                    /var/cache/fontconfig/4794a0821666d79190d59a36cb4f44b5-le64.cache-6
7f91345b3000-7f91345b4000 r--s 00000000 08:03 1867325                    /var/cache/fontconfig/9eae20f1ff8cc0a7d125749e875856bd-le64.cache-6
7f91345b4000-7f91345db000 r--s 00000000 08:03 1867319                    /var/cache/fontconfig/0bd3dc0958fa2205aaaa8ebb13e2872b-le64.cache-6
7f91345db000-7f91345de000 r--s 00000000 08:03 1867287                    /var/cache/fontconfig/bf2c1853a9e9b00bb02fe2e9bcf1e201-le64.cache-6
7f91345de000-7f91345e3000 r--s 00000000 08:03 1867347                    /var/cache/fontconfig/8801497958630a81b71ace7c5f9b32a8-le64.cache-6
7f91345e3000-7f91345e7000 r--s 00000000 08:03 1867341                    /var/cache/fontconfig/c57959a16110560c8d0fcea73374aeeb-le64.cache-6
7f91345e7000-7f91345e8000 r--s 00000000 08:03 1867289                    /var/cache/fontconfig/bab58bb527bb656aaa9f116d68a48d89-le64.cache-6
7f91345e8000-7f91345ef000 r--s 00000000 08:03 1867337                    /var/cache/fontconfig/3047814df9a2f067bd2d96a2b9c36e5a-le64.cache-6
7f91345ef000-7f91345f7000 r--s 00000000 08:03 1867333                    /var/cache/fontconfig/bf3b770c553c462765856025a94f1ce6-le64.cache-6
7f91345f7000-7f91345f8000 r--s 00000000 08:03 1867270                    /var/cache/fontconfig/56cf4f4769d0f4abc89a4895d7bd3ae1-le64.cache-6
7f91345f8000-7f91345f9000 r--s 00000000 08:03 1867312                    /var/cache/fontconfig/b9d506c9ac06c20b433354fa67a72993-le64.cache-6
7f91345f9000-7f91345ff000 r--s 00000000 08:03 1867321                    /var/cache/fontconfig/b47c4e1ecd0709278f4910c18777a504-le64.cache-6
7f91345ff000-7f9134602000 r--s 00000000 08:03 1867285                    /var/cache/fontconfig/14d493b97896515cad3840ba4896e372-le64.cache-6
7f9134602000-7f913460a000 r--s 00000000 08:03 1867305                    /var/cache/fontconfig/52f7bdb7ce746bfd7eaa1985bd9cfa93-le64.cache-6
7f913460a000-7f913460d000 r--s 00000000 08:03 1867313                    /var/cache/fontconfig/e49e89034d371f0f9de17aab02136486-le64.cache-6
7f913460d000-7f9134620000 r--s 00000000 08:03 1867303                    /var/cache/fontconfig/d52a8644073d54c13679302ca1180695-le64.cache-6
7f9134620000-7f9134625000 r--s 00000000 08:03 1867343                    /var/cache/fontconfig/75ad6aa2358a85f0de2c8ee4837e8227-le64.cache-6
7f9134625000-7f9134630000 r--s 00000000 08:03 1867301                    /var/cache/fontconfig/d589a48862398ed80a3d6066f4f56f4c-le64.cache-6
7f9134630000-7f913463e000 r--s 00000000 08:03 1867314                    /var/cache/fontconfig/198d8fcf01c96d0cf813f74fd759bdb7-le64.cache-6
7f913463e000-7f9134649000 r--s 00000000 08:03 1867311                    /var/cache/fontconfig/83bf95040141907cd45bb53cf7c1c148-le64.cache-6
7f9134649000-7f913465b000 r--s 00000000 08:03 1867280                    /var/cache/fontconfig/9b89f8e3dae116d678bbf48e5f21f69b-le64.cache-6
7f913465b000-7f9134664000 r--s 00000000 08:03 1867293                    /var/cache/fontconfig/d0972c3d32f097851eb916381fc38920-le64.cache-6
7f9134664000-7f9134684000 r--s 00000000 08:03 1867326                    /var/cache/fontconfig/e13b20fdb08344e0e664864cc2ede53d-le64.cache-6
7f9134684000-7f91346ba000 r-xp 00000000 08:03 1602944                    /usr/lib/x86_64-linux-gnu/gvfs/libgvfscommon.so
7f91346ba000-7f91348ba000 ---p 00036000 08:03 1602944                    /usr/lib/x86_64-linux-gnu/gvfs/libgvfscommon.so
7f91348ba000-7f91348bf000 r--p 00036000 08:03 1602944                    /usr/lib/x86_64-linux-gnu/gvfs/libgvfscommon.so
7f91348bf000-7f91348c0000 rw-p 0003b000 08:03 1602944                    /usr/lib/x86_64-linux-gnu/gvfs/libgvfscommon.so
7f91348c0000-7f91348f0000 r-xp 00000000 08:03 1595045                    /usr/lib/x86_64-linux-gnu/gio/modules/libgvfsdbus.so
7f91348f0000-7f9134af0000 ---p 00030000 08:03 1595045                    /usr/lib/x86_64-linux-gnu/gio/modules/libgvfsdbus.so
7f9134af0000-7f9134af1000 r--p 00030000 08:03 1595045                    /usr/lib/x86_64-linux-gnu/gio/modules/libgvfsdbus.so
7f9134af1000-7f9134af3000 rw-p 00031000 08:03 1595045                    /usr/lib/x86_64-linux-gnu/gio/modules/libgvfsdbus.so
7f9134af3000-7f9134af4000 r-xp 00000000 08:03 1617727                    /usr/lib/x86_64-linux-gnu/libgthread-2.0.so.0.4800.2
7f9134af4000-7f9134cf3000 ---p 00001000 08:03 1617727                    /usr/lib/x86_64-linux-gnu/libgthread-2.0.so.0.4800.2
7f9134cf3000-7f9134cf4000 r--p 00000000 08:03 1617727                    /usr/lib/x86_64-linux-gnu/libgthread-2.0.so.0.4800.2
7f9134cf4000-7f9134cf5000 rw-p 00001000 08:03 1617727                    /usr/lib/x86_64-linux-gnu/libgthread-2.0.so.0.4800.2
7f9134cf5000-7f9134cfb000 r-xp 00000000 08:03 1617296                    /usr/lib/x86_64-linux-gnu/libdatrie.so.1.3.3
7f9134cfb000-7f9134efb000 ---p 00006000 08:03 1617296                    /usr/lib/x86_64-linux-gnu/libdatrie.so.1.3.3
7f9134efb000-7f9134efc000 r--p 00006000 08:03 1617296                    /usr/lib/x86_64-linux-gnu/libdatrie.so.1.3.3
7f9134efc000-7f9134efd000 rw-p 00007000 08:03 1617296                    /usr/lib/x86_64-linux-gnu/libdatrie.so.1.3.3
7f9134efd000-7f9134f21000 r-xp 00000000 08:03 1603565                    /usr/lib/x86_64-linux-gnu/libgraphite2.so.3.0.1
7f9134f21000-7f9135120000 ---p 00024000 08:03 1603565                    /usr/lib/x86_64-linux-gnu/libgraphite2.so.3.0.1
7f9135120000-7f9135122000 r--p 00023000 08:03 1603565                    /usr/lib/x86_64-linux-gnu/libgraphite2.so.3.0.1
7f9135122000-7f9135123000 rw-p 00025000 08:03 1603565                    /usr/lib/x86_64-linux-gnu/libgraphite2.so.3.0.1
7f9135123000-7f913512a000 r-xp 00000000 08:03 1614584                    /usr/lib/x86_64-linux-gnu/libffi.so.6.0.4
7f913512a000-7f9135329000 ---p 00007000 08:03 1614584                    /usr/lib/x86_64-linux-gnu/libffi.so.6.0.4
7f9135329000-7f913532a000 r--p 00006000 08:03 1614584                    /usr/lib/x86_64-linux-gnu/libffi.so.6.0.4
7f913532a000-7f913532b000 rw-p 00007000 08:03 1614584                    /usr/lib/x86_64-linux-gnu/libffi.so.6.0.4
7f913532b000-7f9135333000 r-xp 00000000 08:03 1617726                    /usr/lib/x86_64-linux-gnu/libthai.so.0.2.4
7f9135333000-7f9135532000 ---p 00008000 08:03 1617726                    /usr/lib/x86_64-linux-gnu/libthai.so.0.2.4
7f9135532000-7f9135533000 r--p 00007000 08:03 1617726                    /usr/lib/x86_64-linux-gnu/libthai.so.0.2.4
7f9135533000-7f9135534000 rw-p 00008000 08:03 1617726                    /usr/lib/x86_64-linux-gnu/libthai.so.0.2.4
7f9135534000-7f9135590000 r-xp 00000000 08:03 1614380                    /usr/lib/x86_64-linux-gnu/libharfbuzz.so.0.10000.1
7f9135590000-7f9135790000 ---p 0005c000 08:03 1614380                    /usr/lib/x86_64-linux-gnu/libharfbuzz.so.0.10000.1
7f9135790000-7f9135791000 r--p 0005c000 08:03 1614380                    /usr/lib/x86_64-linux-gnu/libharfbuzz.so.0.10000.1
7f9135791000-7f9135792000 rw-p 0005d000 08:03 1614380                    /usr/lib/x86_64-linux-gnu/libharfbuzz.so.0.10000.1
7f9135792000-7f913579a000 r-xp 00000000 08:03 1615355                    /usr/lib/x86_64-linux-gnu/libxcb-render.so.0.0.0
7f913579a000-7f913599a000 ---p 00008000 08:03 1615355                    /usr/lib/x86_64-linux-gnu/libxcb-render.so.0.0.0
7f913599a000-7f913599b000 r--p 00008000 08:03 1615355                    /usr/lib/x86_64-linux-gnu/libxcb-render.so.0.0.0
7f913599b000-7f913599c000 rw-p 00009000 08:03 1615355                    /usr/lib/x86_64-linux-gnu/libxcb-render.so.0.0.0
7f913599c000-7f913599e000 r-xp 00000000 08:03 1610183                    /usr/lib/x86_64-linux-gnu/libxcb-shm.so.0.0.0
7f913599e000-7f9135b9e000 ---p 00002000 08:03 1610183                    /usr/lib/x86_64-linux-gnu/libxcb-shm.so.0.0.0
7f9135b9e000-7f9135b9f000 r--p 00002000 08:03 1610183                    /usr/lib/x86_64-linux-gnu/libxcb-shm.so.0.0.0
7f9135b9f000-7f9135ba0000 rw-p 00003000 08:03 1610183                    /usr/lib/x86_64-linux-gnu/libxcb-shm.so.0.0.0
7f9135ba0000-7f9135c3f000 r-xp 00000000 08:03 1612674                    /usr/lib/x86_64-linux-gnu/libpixman-1.so.0.33.6
7f9135c3f000-7f9135e3f000 ---p 0009f000 08:03 1612674                    /usr/lib/x86_64-linux-gnu/libpixman-1.so.0.33.6
7f9135e3f000-7f9135e47000 r--p 0009f000 08:03 1612674                    /usr/lib/x86_64-linux-gnu/libpixman-1.so.0.33.6
7f9135e47000-7f9135e48000 rw-p 000a7000 08:03 1612674                    /usr/lib/x86_64-linux-gnu/libpixman-1.so.0.33.6
7f9135e48000-7f9135e4a000 r-xp 00000000 08:03 1612582                    /usr/lib/x86_64-linux-gnu/libXcomposite.so.1.0.0
7f9135e4a000-7f9136049000 ---p 00002000 08:03 1612582                    /usr/lib/x86_64-linux-gnu/libXcomposite.so.1.0.0
7f9136049000-7f913604a000 r--p 00001000 08:03 1612582                    /usr/lib/x86_64-linux-gnu/libXcomposite.so.1.0.0
7f913604a000-7f913604b000 rw-p 00002000 08:03 1612582                    /usr/lib/x86_64-linux-gnu/libXcomposite.so.1.0.0
7f913604b000-7f913604d000 r-xp 00000000 08:03 1616687                    /usr/lib/x86_64-linux-gnu/libXinerama.so.1.0.0
7f913604d000-7f913624c000 ---p 00002000 08:03 1616687                    /usr/lib/x86_64-linux-gnu/libXinerama.so.1.0.0
7f913624c000-7f913624d000 r--p 00001000 08:03 1616687                    /usr/lib/x86_64-linux-gnu/libXinerama.so.1.0.0
7f913624d000-7f913624e000 rw-p 00002000 08:03 1616687                    /usr/lib/x86_64-linux-gnu/libXinerama.so.1.0.0
7f913624e000-7f913628b000 r-xp 00000000 08:03 1612117                    /usr/lib/x86_64-linux-gnu/libfontconfig.so.1.9.0
7f913628b000-7f913648a000 ---p 0003d000 08:03 1612117                    /usr/lib/x86_64-linux-gnu/libfontconfig.so.1.9.0
7f913648a000-7f913648c000 r--p 0003c000 08:03 1612117                    /usr/lib/x86_64-linux-gnu/libfontconfig.so.1.9.0
7f913648c000-7f9136491000 rw-p 0003e000 08:03 1612117                    /usr/lib/x86_64-linux-gnu/libfontconfig.so.1.9.0
7f9136491000-7f91365a0000 r-xp 00000000 08:03 1475921                    /lib/x86_64-linux-gnu/libglib-2.0.so.0.4800.2
7f91365a0000-7f913679f000 ---p 0010f000 08:03 1475921                    /lib/x86_64-linux-gnu/libglib-2.0.so.0.4800.2
7f913679f000-7f91367a0000 r--p 0010e000 08:03 1475921                    /lib/x86_64-linux-gnu/libglib-2.0.so.0.4800.2
7f91367a0000-7f91367a1000 rw-p 0010f000 08:03 1475921                    /lib/x86_64-linux-gnu/libglib-2.0.so.0.4800.2
7f91367a1000-7f91367a2000 rw-p 00000000 00:00 0 
7f91367a2000-7f91367f4000 r-xp 00000000 08:03 1614518                    /usr/lib/x86_64-linux-gnu/libgobject-2.0.so.0.4800.2
7f91367f4000-7f91369f3000 ---p 00052000 08:03 1614518                    /usr/lib/x86_64-linux-gnu/libgobject-2.0.so.0.4800.2
7f91369f3000-7f91369f4000 r--p 00051000 08:03 1614518                    /usr/lib/x86_64-linux-gnu/libgobject-2.0.so.0.4800.2
7f91369f4000-7f91369f5000 rw-p 00052000 08:03 1614518                    /usr/lib/x86_64-linux-gnu/libgobject-2.0.so.0.4800.2
7f91369f5000-7f9136a3e000 r-xp 00000000 08:03 1616727                    /usr/lib/x86_64-linux-gnu/libpango-1.0.so.0.3800.1
7f9136a3e000-7f9136c3e000 ---p 00049000 08:03 1616727                    /usr/lib/x86_64-linux-gnu/libpango-1.0.so.0.3800.1
7f9136c3e000-7f9136c40000 r--p 00049000 08:03 1616727                    /usr/lib/x86_64-linux-gnu/libpango-1.0.so.0.3800.1
7f9136c40000-7f9136c41000 rw-p 0004b000 08:03 1616727                    /usr/lib/x86_64-linux-gnu/libpango-1.0.so.0.3800.1
7f9136c41000-7f9136c55000 r-xp 00000000 08:03 1612357                    /usr/lib/x86_64-linux-gnu/libpangoft2-1.0.so.0.3800.1
7f9136c55000-7f9136e55000 ---p 00014000 08:03 1612357                    /usr/lib/x86_64-linux-gnu/libpangoft2-1.0.so.0.3800.1
7f9136e55000-7f9136e56000 r--p 00014000 08:03 1612357                    /usr/lib/x86_64-linux-gnu/libpangoft2-1.0.so.0.3800.1
7f9136e56000-7f9136e57000 rw-p 00015000 08:03 1612357                    /usr/lib/x86_64-linux-gnu/libpangoft2-1.0.so.0.3800.1
7f9136e57000-7f9136fd7000 r-xp 00000000 08:03 1611762                    /usr/lib/x86_64-linux-gnu/libgio-2.0.so.0.4800.2
7f9136fd7000-7f91371d7000 ---p 00180000 08:03 1611762                    /usr/lib/x86_64-linux-gnu/libgio-2.0.so.0.4800.2
7f91371d7000-7f91371db000 r--p 00180000 08:03 1611762                    /usr/lib/x86_64-linux-gnu/libgio-2.0.so.0.4800.2
7f91371db000-7f91371dd000 rw-p 00184000 08:03 1611762                    /usr/lib/x86_64-linux-gnu/libgio-2.0.so.0.4800.2
7f91371dd000-7f91371df000 rw-p 00000000 00:00 0 
7f91371df000-7f9137200000 r-xp 00000000 08:03 1573607                    /usr/lib/x86_64-linux-gnu/libgdk_pixbuf-2.0.so.0.3200.2
7f9137200000-7f91373ff000 ---p 00021000 08:03 1573607                    /usr/lib/x86_64-linux-gnu/libgdk_pixbuf-2.0.so.0.3200.2
7f91373ff000-7f9137400000 r--p 00020000 08:03 1573607                    /usr/lib/x86_64-linux-gnu/libgdk_pixbuf-2.0.so.0.3200.2
7f9137400000-7f9137401000 rw-p 00021000 08:03 1573607                    /usr/lib/x86_64-linux-gnu/libgdk_pixbuf-2.0.so.0.3200.2
7f9137401000-7f913750f000 r-xp 00000000 08:03 1616411                    /usr/lib/x86_64-linux-gnu/libcairo.so.2.11400.6
7f913750f000-7f913770f000 ---p 0010e000 08:03 1616411                    /usr/lib/x86_64-linux-gnu/libcairo.so.2.11400.6
7f913770f000-7f9137712000 r--p 0010e000 08:03 1616411                    /usr/lib/x86_64-linux-gnu/libcairo.so.2.11400.6
7f9137712000-7f9137713000 rw-p 00111000 08:03 1616411                    /usr/lib/x86_64-linux-gnu/libcairo.so.2.11400.6
7f9137713000-7f9137715000 rw-p 00000000 00:00 0 
7f9137715000-7f9137737000 r-xp 00000000 08:03 1617516                    /usr/lib/x86_64-linux-gnu/libatk-1.0.so.0.21809.1
7f9137737000-7f9137936000 ---p 00022000 08:03 1617516                    /usr/lib/x86_64-linux-gnu/libatk-1.0.so.0.21809.1
7f9137936000-7f9137939000 r--p 00021000 08:03 1617516                    /usr/lib/x86_64-linux-gnu/libatk-1.0.so.0.21809.1
7f9137939000-7f913793a000 rw-p 00024000 08:03 1617516                    /usr/lib/x86_64-linux-gnu/libatk-1.0.so.0.21809.1
7f913793a000-7f9137946000 r-xp 00000000 08:03 1612623                    /usr/lib/x86_64-linux-gnu/libpangocairo-1.0.so.0.3800.1
7f9137946000-7f9137b45000 ---p 0000c000 08:03 1612623                    /usr/lib/x86_64-linux-gnu/libpangocairo-1.0.so.0.3800.1
7f9137b45000-7f9137b46000 r--p 0000b000 08:03 1612623                    /usr/lib/x86_64-linux-gnu/libpangocairo-1.0.so.0.3800.1
7f9137b46000-7f9137b47000 rw-p 0000c000 08:03 1612623                    /usr/lib/x86_64-linux-gnu/libpangocairo-1.0.so.0.3800.1
7f9137b47000-7f9137b4a000 r-xp 00000000 08:03 1616445                    /usr/lib/x86_64-linux-gnu/libgmodule-2.0.so.0.4800.2
7f9137b4a000-7f9137d49000 ---p 00003000 08:03 1616445                    /usr/lib/x86_64-linux-gnu/libgmodule-2.0.so.0.4800.2
7f9137d49000-7f9137d4a000 r--p 00002000 08:03 1616445                    /usr/lib/x86_64-linux-gnu/libgmodule-2.0.so.0.4800.2
7f9137d4a000-7f9137d4b000 rw-p 00003000 08:03 1616445                    /usr/lib/x86_64-linux-gnu/libgmodule-2.0.so.0.4800.2
7f9137d4b000-7f9137dfb000 r-xp 00000000 08:03 1575834                    /usr/lib/x86_64-linux-gnu/libgdk-x11-2.0.so.0.2400.30
7f9137dfb000-7f9137ffa000 ---p 000b0000 08:03 1575834                    /usr/lib/x86_64-linux-gnu/libgdk-x11-2.0.so.0.2400.30
7f9137ffa000-7f9137ffe000 r--p 000af000 08:03 1575834                    /usr/lib/x86_64-linux-gnu/libgdk-x11-2.0.so.0.2400.30
7f9137ffe000-7f9138000000 rw-p 000b3000 08:03 1575834                    /usr/lib/x86_64-linux-gnu/libgdk-x11-2.0.so.0.2400.30
7f9138000000-7f9138223000 rw-p 00000000 00:00 0 
7f9138223000-7f913c000000 ---p 00000000 00:00 0 
7f913c000000-7f913c035000 rw-p 00000000 00:00 0 
7f913c035000-7f9140000000 ---p 00000000 00:00 0 
7f9140000000-7f9140077000 rw-p 00000000 00:00 0 
7f9140077000-7f9144000000 ---p 00000000 00:00 0 
7f9144000000-7f9144021000 rw-p 00000000 00:00 0 
7f9144021000-7f9148000000 ---p 00000000 00:00 0 
7f9148000000-7f9148021000 rw-p 00000000 00:00 0 
7f9148021000-7f914c000000 ---p 00000000 00:00 0 
7f914c000000-7f914c166000 rw-p 00000000 00:00 0 
7f914c166000-7f9150000000 ---p 00000000 00:00 0 
7f9150000000-7f9150021000 rw-p 00000000 00:00 0 
7f9150021000-7f9154000000 ---p 00000000 00:00 0 
7f9154000000-7f9154002000 r--s 00000000 08:03 1867281                    /var/cache/fontconfig/4b14b093aebc79c320de5e86ae1d3314-le64.cache-6
7f9154002000-7f9154003000 r--s 00000000 08:03 1867268                    /var/cache/fontconfig/551ecf3b0e8b0bca0f25c0944f561853-le64.cache-6
7f9154003000-7f9154007000 r--s 00000000 08:03 1867346                    /var/cache/fontconfig/246184dc75a16901ca37d96895904249-le64.cache-6
7f9154007000-7f9154445000 r-xp 00000000 08:03 1575835                    /usr/lib/x86_64-linux-gnu/libgtk-x11-2.0.so.0.2400.30
7f9154445000-7f9154644000 ---p 0043e000 08:03 1575835                    /usr/lib/x86_64-linux-gnu/libgtk-x11-2.0.so.0.2400.30
7f9154644000-7f915464b000 r--p 0043d000 08:03 1575835                    /usr/lib/x86_64-linux-gnu/libgtk-x11-2.0.so.0.2400.30
7f915464b000-7f915464f000 rw-p 00444000 08:03 1575835                    /usr/lib/x86_64-linux-gnu/libgtk-x11-2.0.so.0.2400.30
7f915464f000-7f9154652000 rw-p 00000000 00:00 0 
7f9154652000-7f9154655000 ---p 00000000 00:00 0 
7f9154655000-7f9154953000 rw-p 00000000 00:00 0 
7f9154953000-7f9154956000 ---p 00000000 00:00 0 
7f9154956000-7f9154a54000 rw-p 00000000 00:00 0 
7f9154a54000-7f9154a57000 ---p 00000000 00:00 0 
7f9154a57000-7f9154b55000 rw-p 00000000 00:00 0 
7f9154b55000-7f9154b58000 ---p 00000000 00:00 0 
7f9154b58000-7f9154c56000 rw-p 00000000 00:00 0 
7f9154c56000-7f9155056000 rw-s 00000000 00:05 279161                     /drm mm object (deleted)
7f9155056000-7f9155057000 r--s 00000000 08:03 1867323                    /var/cache/fontconfig/8a687c406b77f27d99abfeeba937fcce-le64.cache-6
7f9155057000-7f9155059000 r--s 00000000 08:03 1867327                    /var/cache/fontconfig/65f976e5259cbe6dc7697b8648396239-le64.cache-6
7f9155059000-7f915505a000 r--s 00000000 08:03 1867320                    /var/cache/fontconfig/94f7fe9bd33aadfac165873bd010d595-le64.cache-6
7f915505a000-7f915505c000 r--s 00000000 08:03 1867276                    /var/cache/fontconfig/423767150eb258c59035de29db6fca84-le64.cache-6
7f915505c000-7f915505e000 r--s 00000000 08:03 1867304                    /var/cache/fontconfig/67709b7835c0f764c1135060c9575660-le64.cache-6
7f915505e000-7f9155071000 r--s 00000000 08:03 1867322                    /var/cache/fontconfig/4ac51e5cfbc76fc3f983e470323a16d3-le64.cache-6
7f9155071000-7f9155092000 r--s 00000000 08:03 1867288                    /var/cache/fontconfig/467c019e582ee353435ea5c21d137ef6-le64.cache-6
7f91550aa000-7f91550d5000 r--p 00000000 08:03 1591112                    /usr/share/locale-langpack/fr/LC_MESSAGES/gtk20-properties.mo
7f91550d5000-7f91550d8000 ---p 00000000 00:00 0 
7f91550d8000-7f91551d6000 rw-p 00000000 00:00 0 
7f91551d6000-7f91551d9000 ---p 00000000 00:00 0 
7f91551d9000-7f91552d7000 rw-p 00000000 00:00 0 
7f91552d7000-7f9155377000 rw-s 00000000 00:05 279156                     /drm mm object (deleted)
7f9155377000-7f9155477000 rw-s 00000000 00:05 279153                     /drm mm object (deleted)
7f9155477000-7f9155677000 rw-p 00000000 00:00 0 
7f9155677000-7f9156944000 rw-p 00000000 00:00 0 
7f9156944000-7f915697b000 r-xp 00000000 08:03 1616990                    /usr/lib/x86_64-linux-gnu/libtxc_dxtn_s2tc.so.0.0.0
7f915697b000-7f9156b7a000 ---p 00037000 08:03 1616990                    /usr/lib/x86_64-linux-gnu/libtxc_dxtn_s2tc.so.0.0.0
7f9156b7a000-7f9156b7b000 r--p 00036000 08:03 1616990                    /usr/lib/x86_64-linux-gnu/libtxc_dxtn_s2tc.so.0.0.0
7f9156b7b000-7f9156b7c000 rw-p 00037000 08:03 1616990                    /usr/lib/x86_64-linux-gnu/libtxc_dxtn_s2tc.so.0.0.0
7f9156b7c000-7f9156b84000 r-xp 00000000 08:03 1611556                    /usr/lib/x86_64-linux-gnu/libpciaccess.so.0.11.1
7f9156b84000-7f9156d84000 ---p 00008000 08:03 1611556                    /usr/lib/x86_64-linux-gnu/libpciaccess.so.0.11.1
7f9156d84000-7f9156d85000 r--p 00008000 08:03 1611556                    /usr/lib/x86_64-linux-gnu/libpciaccess.so.0.11.1
7f9156d85000-7f9156d86000 rw-p 00009000 08:03 1611556                    /usr/lib/x86_64-linux-gnu/libpciaccess.so.0.11.1
7f9156d86000-7f9156d91000 r-xp 00000000 08:03 1577045                    /usr/lib/x86_64-linux-gnu/libdrm_radeon.so.1.0.1
7f9156d91000-7f9156f90000 ---p 0000b000 08:03 1577045                    /usr/lib/x86_64-linux-gnu/libdrm_radeon.so.1.0.1
7f9156f90000-7f9156f91000 r--p 0000a000 08:03 1577045                    /usr/lib/x86_64-linux-gnu/libdrm_radeon.so.1.0.1
7f9156f91000-7f9156f92000 rw-p 0000b000 08:03 1577045                    /usr/lib/x86_64-linux-gnu/libdrm_radeon.so.1.0.1
7f9156f92000-7f9156f99000 r-xp 00000000 08:03 1577049                    /usr/lib/x86_64-linux-gnu/libdrm_nouveau.so.2.0.0
7f9156f99000-7f9157198000 ---p 00007000 08:03 1577049                    /usr/lib/x86_64-linux-gnu/libdrm_nouveau.so.2.0.0
7f9157198000-7f9157199000 r--p 00006000 08:03 1577049                    /usr/lib/x86_64-linux-gnu/libdrm_nouveau.so.2.0.0
7f9157199000-7f915719a000 rw-p 00007000 08:03 1577049                    /usr/lib/x86_64-linux-gnu/libdrm_nouveau.so.2.0.0
7f915719a000-7f91571bc000 r-xp 00000000 08:03 1577041                    /usr/lib/x86_64-linux-gnu/libdrm_intel.so.1.0.0
7f91571bc000-7f91573bb000 ---p 00022000 08:03 1577041                    /usr/lib/x86_64-linux-gnu/libdrm_intel.so.1.0.0
7f91573bb000-7f91573bc000 r--p 00021000 08:03 1577041                    /usr/lib/x86_64-linux-gnu/libdrm_intel.so.1.0.0
7f91573bc000-7f91573bd000 rw-p 00022000 08:03 1577041                    /usr/lib/x86_64-linux-gnu/libdrm_intel.so.1.0.0
7f91573bd000-7f9157a1d000 r-xp 00000000 08:03 1613081                    /usr/lib/x86_64-linux-gnu/dri/i965_dri.so
7f9157a1d000-7f9157c1d000 ---p 00660000 08:03 1613081                    /usr/lib/x86_64-linux-gnu/dri/i965_dri.so
7f9157c1d000-7f9157c5c000 r--p 00660000 08:03 1613081                    /usr/lib/x86_64-linux-gnu/dri/i965_dri.so
7f9157c5c000-7f9157c64000 rw-p 0069f000 08:03 1613081                    /usr/lib/x86_64-linux-gnu/dri/i965_dri.so
7f9157c64000-7f9157c6c000 rw-p 00000000 00:00 0 
7f9157c6c000-7f915bc6d000 rw-s 00000000 00:16 38914                      /dev/shm/pulse-shm-1718024427
7f915bc6d000-7f915fc6e000 rw-s 00000000 00:16 279138                     /dev/shm/pulse-shm-2263358756
7f915fc6e000-7f915fc6f000 ---p 00000000 00:00 0 
7f915fc6f000-7f916046f000 rw-p 00000000 00:00 0 
7f916046f000-7f9160499000 r-xp 00000000 08:03 1614588                    /usr/lib/x86_64-linux-gnu/libvorbis.so.0.4.8
7f9160499000-7f9160699000 ---p 0002a000 08:03 1614588                    /usr/lib/x86_64-linux-gnu/libvorbis.so.0.4.8
7f9160699000-7f916069a000 r--p 0002a000 08:03 1614588                    /usr/lib/x86_64-linux-gnu/libvorbis.so.0.4.8
7f916069a000-7f916069b000 rw-p 0002b000 08:03 1614588                    /usr/lib/x86_64-linux-gnu/libvorbis.so.0.4.8
7f916069b000-7f91606a2000 r-xp 00000000 08:03 1616387                    /usr/lib/x86_64-linux-gnu/libogg.so.0.8.2
7f91606a2000-7f91608a2000 ---p 00007000 08:03 1616387                    /usr/lib/x86_64-linux-gnu/libogg.so.0.8.2
7f91608a2000-7f91608a3000 r--p 00007000 08:03 1616387                    /usr/lib/x86_64-linux-gnu/libogg.so.0.8.2
7f91608a3000-7f91608a4000 rw-p 00008000 08:03 1616387                    /usr/lib/x86_64-linux-gnu/libogg.so.0.8.2
7f91608a4000-7f91608b6000 r-xp 00000000 08:03 1475709                    /lib/x86_64-linux-gnu/libgpg-error.so.0.17.0
7f91608b6000-7f9160ab6000 ---p 00012000 08:03 1475709                    /lib/x86_64-linux-gnu/libgpg-error.so.0.17.0
7f9160ab6000-7f9160ab7000 r--p 00012000 08:03 1475709                    /lib/x86_64-linux-gnu/libgpg-error.so.0.17.0
7f9160ab7000-7f9160ab8000 rw-p 00013000 08:03 1475709                    /lib/x86_64-linux-gnu/libgpg-error.so.0.17.0
7f9160ab8000-7f9160b26000 r-xp 00000000 08:03 1475859                    /lib/x86_64-linux-gnu/libpcre.so.3.13.2
7f9160b26000-7f9160d26000 ---p 0006e000 08:03 1475859                    /lib/x86_64-linux-gnu/libpcre.so.3.13.2
7f9160d26000-7f9160d27000 r--p 0006e000 08:03 1475859                    /lib/x86_64-linux-gnu/libpcre.so.3.13.2
7f9160d27000-7f9160d28000 rw-p 0006f000 08:03 1475859                    /lib/x86_64-linux-gnu/libpcre.so.3.13.2
7f9160d28000-7f9160d3f000 r-xp 00000000 08:03 1450268                    /lib/x86_64-linux-gnu/libresolv-2.23.so
7f9160d3f000-7f9160f3f000 ---p 00017000 08:03 1450268                    /lib/x86_64-linux-gnu/libresolv-2.23.so
7f9160f3f000-7f9160f40000 r--p 00017000 08:03 1450268                    /lib/x86_64-linux-gnu/libresolv-2.23.so
7f9160f40000-7f9160f41000 rw-p 00018000 08:03 1450268                    /lib/x86_64-linux-gnu/libresolv-2.23.so
7f9160f41000-7f9160f43000 rw-p 00000000 00:00 0 
7f9160f43000-7f9160fd0000 r-xp 00000000 08:03 1614592                    /usr/lib/x86_64-linux-gnu/libvorbisenc.so.2.0.11
7f9160fd0000-7f91611cf000 ---p 0008d000 08:03 1614592                    /usr/lib/x86_64-linux-gnu/libvorbisenc.so.2.0.11
7f91611cf000-7f91611eb000 r--p 0008c000 08:03 1614592                    /usr/lib/x86_64-linux-gnu/libvorbisenc.so.2.0.11
7f91611eb000-7f91611ec000 rw-p 000a8000 08:03 1614592                    /usr/lib/x86_64-linux-gnu/libvorbisenc.so.2.0.11
7f91611ec000-7f916125f000 r-xp 00000000 08:03 1615319                    /usr/lib/x86_64-linux-gnu/libFLAC.so.8.3.0
7f916125f000-7f916145f000 ---p 00073000 08:03 1615319                    /usr/lib/x86_64-linux-gnu/libFLAC.so.8.3.0
7f916145f000-7f9161460000 r--p 00073000 08:03 1615319                    /usr/lib/x86_64-linux-gnu/libFLAC.so.8.3.0
7f9161460000-7f9161461000 rw-p 00074000 08:03 1615319                    /usr/lib/x86_64-linux-gnu/libFLAC.so.8.3.0
7f9161461000-7f9161477000 r-xp 00000000 08:03 1450238                    /lib/x86_64-linux-gnu/libnsl-2.23.so
7f9161477000-7f9161676000 ---p 00016000 08:03 1450238                    /lib/x86_64-linux-gnu/libnsl-2.23.so
7f9161676000-7f9161677000 r--p 00015000 08:03 1450238                    /lib/x86_64-linux-gnu/libnsl-2.23.so
7f9161677000-7f9161678000 rw-p 00016000 08:03 1450238                    /lib/x86_64-linux-gnu/libnsl-2.23.so
7f9161678000-7f916167a000 rw-p 00000000 00:00 0 
7f916167a000-7f9161752000 r-xp 00000000 08:03 1450311                    /lib/x86_64-linux-gnu/libgcrypt.so.20.0.5
7f9161752000-7f9161951000 ---p 000d8000 08:03 1450311                    /lib/x86_64-linux-gnu/libgcrypt.so.20.0.5
7f9161951000-7f9161952000 r--p 000d7000 08:03 1450311                    /lib/x86_64-linux-gnu/libgcrypt.so.20.0.5
7f9161952000-7f916195a000 rw-p 000d8000 08:03 1450311                    /lib/x86_64-linux-gnu/libgcrypt.so.20.0.5
7f916195a000-7f916195b000 rw-p 00000000 00:00 0 
7f916195b000-7f916197c000 r-xp 00000000 08:03 1475930                    /lib/x86_64-linux-gnu/liblzma.so.5.0.0
7f916197c000-7f9161b7b000 ---p 00021000 08:03 1475930                    /lib/x86_64-linux-gnu/liblzma.so.5.0.0
7f9161b7b000-7f9161b7c000 r--p 00020000 08:03 1475930                    /lib/x86_64-linux-gnu/liblzma.so.5.0.0
7f9161b7c000-7f9161b7d000 rw-p 00021000 08:03 1475930                    /lib/x86_64-linux-gnu/liblzma.so.5.0.0
7f9161b7d000-7f9161b9c000 r-xp 00000000 08:03 1475850                    /lib/x86_64-linux-gnu/libselinux.so.1
7f9161b9c000-7f9161d9b000 ---p 0001f000 08:03 1475850                    /lib/x86_64-linux-gnu/libselinux.so.1
7f9161d9b000-7f9161d9c000 r--p 0001e000 08:03 1475850                    /lib/x86_64-linux-gnu/libselinux.so.1
7f9161d9c000-7f9161d9d000 rw-p 0001f000 08:03 1475850                    /lib/x86_64-linux-gnu/libselinux.so.1
7f9161d9d000-7f9161d9f000 rw-p 00000000 00:00 0 
7f9161d9f000-7f9161da4000 r-xp 00000000 08:03 1614229                    /usr/lib/x86_64-linux-gnu/libasyncns.so.0.3.1
7f9161da4000-7f9161fa3000 ---p 00005000 08:03 1614229                    /usr/lib/x86_64-linux-gnu/libasyncns.so.0.3.1
7f9161fa3000-7f9161fa4000 r--p 00004000 08:03 1614229                    /usr/lib/x86_64-linux-gnu/libasyncns.so.0.3.1
7f9161fa4000-7f9161fa5000 rw-p 00005000 08:03 1614229                    /usr/lib/x86_64-linux-gnu/libasyncns.so.0.3.1
7f9161fa5000-7f9162007000 r-xp 00000000 08:03 1589712                    /usr/lib/x86_64-linux-gnu/libsndfile.so.1.0.25
7f9162007000-7f9162207000 ---p 00062000 08:03 1589712                    /usr/lib/x86_64-linux-gnu/libsndfile.so.1.0.25
7f9162207000-7f9162209000 r--p 00062000 08:03 1589712                    /usr/lib/x86_64-linux-gnu/libsndfile.so.1.0.25
7f9162209000-7f916220a000 rw-p 00064000 08:03 1589712                    /usr/lib/x86_64-linux-gnu/libsndfile.so.1.0.25
7f916220a000-7f916220e000 rw-p 00000000 00:00 0 
7f916220e000-7f9162216000 r-xp 00000000 08:03 1475813                    /lib/x86_64-linux-gnu/libwrap.so.0.7.6
7f9162216000-7f9162415000 ---p 00008000 08:03 1475813                    /lib/x86_64-linux-gnu/libwrap.so.0.7.6
7f9162415000-7f9162416000 r--p 00007000 08:03 1475813                    /lib/x86_64-linux-gnu/libwrap.so.0.7.6
7f9162416000-7f9162417000 rw-p 00008000 08:03 1475813                    /lib/x86_64-linux-gnu/libwrap.so.0.7.6
7f9162417000-7f9162418000 rw-p 00000000 00:00 0 
7f9162418000-7f9162462000 r-xp 00000000 08:03 1475721                    /lib/x86_64-linux-gnu/libdbus-1.so.3.14.6
7f9162462000-7f9162662000 ---p 0004a000 08:03 1475721                    /lib/x86_64-linux-gnu/libdbus-1.so.3.14.6
7f9162662000-7f9162663000 r--p 0004a000 08:03 1475721                    /lib/x86_64-linux-gnu/libdbus-1.so.3.14.6
7f9162663000-7f9162664000 rw-p 0004b000 08:03 1475721                    /lib/x86_64-linux-gnu/libdbus-1.so.3.14.6
7f9162664000-7f91626de000 r-xp 00000000 08:03 1574119                    /usr/lib/x86_64-linux-gnu/pulseaudio/libpulsecommon-8.0.so
7f91626de000-7f91628dd000 ---p 0007a000 08:03 1574119                    /usr/lib/x86_64-linux-gnu/pulseaudio/libpulsecommon-8.0.so
7f91628dd000-7f91628de000 r--p 00079000 08:03 1574119                    /usr/lib/x86_64-linux-gnu/pulseaudio/libpulsecommon-8.0.so
7f91628de000-7f91628df000 rw-p 0007a000 08:03 1574119                    /usr/lib/x86_64-linux-gnu/pulseaudio/libpulsecommon-8.0.so
7f91628df000-7f91628e9000 r-xp 00000000 08:03 1475869                    /lib/x86_64-linux-gnu/libjson-c.so.2.0.0
7f91628e9000-7f9162ae8000 ---p 0000a000 08:03 1475869                    /lib/x86_64-linux-gnu/libjson-c.so.2.0.0
7f9162ae8000-7f9162ae9000 r--p 00009000 08:03 1475869                    /lib/x86_64-linux-gnu/libjson-c.so.2.0.0
7f9162ae9000-7f9162aea000 rw-p 0000a000 08:03 1475869                    /lib/x86_64-linux-gnu/libjson-c.so.2.0.0
7f9162aea000-7f9162b38000 r-xp 00000000 08:03 1574118                    /usr/lib/x86_64-linux-gnu/libpulse.so.0.19.0
7f9162b38000-7f9162d38000 ---p 0004e000 08:03 1574118                    /usr/lib/x86_64-linux-gnu/libpulse.so.0.19.0
7f9162d38000-7f9162d39000 r--p 0004e000 08:03 1574118                    /usr/lib/x86_64-linux-gnu/libpulse.so.0.19.0
7f9162d39000-7f9162d3a000 rw-p 0004f000 08:03 1574118                    /usr/lib/x86_64-linux-gnu/libpulse.so.0.19.0
7f9162d3a000-7f9162d8f000 r-xp 00000000 08:03 1446239                    /tmp/libgdxshamery/31ce78a2/libopenal64.so
7f9162d8f000-7f9162f8e000 ---p 00055000 08:03 1446239                    /tmp/libgdxshamery/31ce78a2/libopenal64.so
7f9162f8e000-7f9162f91000 r--p 00054000 08:03 1446239                    /tmp/libgdxshamery/31ce78a2/libopenal64.so
7f9162f91000-7f9162f92000 rw-p 00057000 08:03 1446239                    /tmp/libgdxshamery/31ce78a2/libopenal64.so
7f9162f92000-7f9162f93000 rw-p 00000000 00:00 0 
7f9162f93000-7f9162fa3000 r-xp 00000000 08:03 1577037                    /usr/lib/x86_64-linux-gnu/libdrm.so.2.4.0
7f9162fa3000-7f91631a2000 ---p 00010000 08:03 1577037                    /usr/lib/x86_64-linux-gnu/libdrm.so.2.4.0
7f91631a2000-7f91631a3000 r--p 0000f000 08:03 1577037                    /usr/lib/x86_64-linux-gnu/libdrm.so.2.4.0
7f91631a3000-7f91631a4000 rw-p 00010000 08:03 1577037                    /usr/lib/x86_64-linux-gnu/libdrm.so.2.4.0
7f91631a4000-7f91631a8000 r-xp 00000000 08:03 1614334                    /usr/lib/x86_64-linux-gnu/libxcb-dri2.so.0.0.0
7f91631a8000-7f91633a7000 ---p 00004000 08:03 1614334                    /usr/lib/x86_64-linux-gnu/libxcb-dri2.so.0.0.0
7f91633a7000-7f91633a8000 r--p 00003000 08:03 1614334                    /usr/lib/x86_64-linux-gnu/libxcb-dri2.so.0.0.0
7f91633a8000-7f91633a9000 rw-p 00004000 08:03 1614334                    /usr/lib/x86_64-linux-gnu/libxcb-dri2.so.0.0.0
7f91633a9000-7f91633c0000 r-xp 00000000 08:03 1614658                    /usr/lib/x86_64-linux-gnu/libxcb-glx.so.0.0.0
7f91633c0000-7f91635bf000 ---p 00017000 08:03 1614658                    /usr/lib/x86_64-linux-gnu/libxcb-glx.so.0.0.0
7f91635bf000-7f91635c1000 r--p 00016000 08:03 1614658                    /usr/lib/x86_64-linux-gnu/libxcb-glx.so.0.0.0
7f91635c1000-7f91635c2000 rw-p 00018000 08:03 1614658                    /usr/lib/x86_64-linux-gnu/libxcb-glx.so.0.0.0
7f91635c2000-7f91635c3000 r-xp 00000000 08:03 1617482                    /usr/lib/x86_64-linux-gnu/libX11-xcb.so.1.0.0
7f91635c3000-7f91637c2000 ---p 00001000 08:03 1617482                    /usr/lib/x86_64-linux-gnu/libX11-xcb.so.1.0.0
7f91637c2000-7f91637c3000 r--p 00000000 08:03 1617482                    /usr/lib/x86_64-linux-gnu/libX11-xcb.so.1.0.0
7f91637c3000-7f91637c4000 rw-p 00001000 08:03 1617482                    /usr/lib/x86_64-linux-gnu/libX11-xcb.so.1.0.0
7f91637c4000-7f91637c6000 r-xp 00000000 08:03 1614377                    /usr/lib/x86_64-linux-gnu/libXdamage.so.1.1.0
7f91637c6000-7f91639c5000 ---p 00002000 08:03 1614377                    /usr/lib/x86_64-linux-gnu/libXdamage.so.1.1.0
7f91639c5000-7f91639c6000 r--p 00001000 08:03 1614377                    /usr/lib/x86_64-linux-gnu/libXdamage.so.1.1.0
7f91639c6000-7f91639c7000 rw-p 00002000 08:03 1614377                    /usr/lib/x86_64-linux-gnu/libXdamage.so.1.1.0
7f91639c7000-7f91639f1000 r-xp 00000000 08:03 1576102                    /usr/lib/x86_64-linux-gnu/libglapi.so.0.0.0
7f91639f1000-7f9163bf0000 ---p 0002a000 08:03 1576102                    /usr/lib/x86_64-linux-gnu/libglapi.so.0.0.0
7f9163bf0000-7f9163bf4000 r--p 00029000 08:03 1576102                    /usr/lib/x86_64-linux-gnu/libglapi.so.0.0.0
7f9163bf4000-7f9163bf5000 rw-p 0002d000 08:03 1576102                    /usr/lib/x86_64-linux-gnu/libglapi.so.0.0.0
7f9163bf5000-7f9163bf6000 rw-p 00000000 00:00 0 
7f9163bf6000-7f9163bf7000 r-xp 00000000 08:03 1611343                    /usr/lib/x86_64-linux-gnu/libxshmfence.so.1.0.0
7f9163bf7000-7f9163df7000 ---p 00001000 08:03 1611343                    /usr/lib/x86_64-linux-gnu/libxshmfence.so.1.0.0
7f9163df7000-7f9163df8000 r--p 00001000 08:03 1611343                    /usr/lib/x86_64-linux-gnu/libxshmfence.so.1.0.0
7f9163df8000-7f9163df9000 rw-p 00002000 08:03 1611343                    /usr/lib/x86_64-linux-gnu/libxshmfence.so.1.0.0
7f9163df9000-7f9163dfe000 r-xp 00000000 08:03 1614674                    /usr/lib/x86_64-linux-gnu/libxcb-sync.so.1.0.0
7f9163dfe000-7f9163ffe000 ---p 00005000 08:03 1614674                    /usr/lib/x86_64-linux-gnu/libxcb-sync.so.1.0.0
7f9163ffe000-7f9163fff000 r--p 00005000 08:03 1614674                    /usr/lib/x86_64-linux-gnu/libxcb-sync.so.1.0.0
7f9163fff000-7f9164000000 rw-p 00006000 08:03 1614674                    /usr/lib/x86_64-linux-gnu/libxcb-sync.so.1.0.0
7f9164000000-7f9164021000 rw-p 00000000 00:00 0 
7f9164021000-7f9168000000 ---p 00000000 00:00 0 
7f9168000000-7f9168021000 rw-p 00000000 00:00 0 
7f9168021000-7f916c000000 ---p 00000000 00:00 0 
7f916c000000-7f916c021000 rw-p 00000000 00:00 0 
7f916c021000-7f9170000000 ---p 00000000 00:00 0 
7f9170000000-7f9170077000 rw-p 00000000 00:00 0 
7f9170077000-7f9174000000 ---p 00000000 00:00 0 
7f9174000000-7f9174001000 r--s 00000000 08:03 1867261                    /var/cache/fontconfig/406a1d2d2bf3ed7664fbadefac0b2f66-le64.cache-6
7f9174001000-7f9174002000 r--s 00000000 08:03 1867348                    /var/cache/fontconfig/30829fa25452a46451e813d634d7f916-le64.cache-6
7f9174002000-7f9174003000 r--s 00000000 08:03 1867310                    /var/cache/fontconfig/0c9eb80ebd1c36541ebe2852d3bb0c49-le64.cache-6
7f9174003000-7f9174006000 r--s 00000000 08:03 1867264                    /var/cache/fontconfig/75114ca45c98e8a441da0ff356701271-le64.cache-6
7f9174006000-7f917400d000 r--s 00000000 08:03 1867262                    /var/cache/fontconfig/53d14c92082a93e67d5078324eb314ca-le64.cache-6
7f917400d000-7f9174028000 r--p 00000000 08:03 1591039                    /usr/share/locale-langpack/fr/LC_MESSAGES/glib20.mo
7f9174028000-7f9174128000 rw-s 00000000 00:05 279152                     /drm mm object (deleted)
7f9174128000-7f917412a000 r-xp 00000000 08:03 1617339                    /usr/lib/x86_64-linux-gnu/libxcb-present.so.0.0.0
7f917412a000-7f9174329000 ---p 00002000 08:03 1617339                    /usr/lib/x86_64-linux-gnu/libxcb-present.so.0.0.0
7f9174329000-7f917432a000 r--p 00001000 08:03 1617339                    /usr/lib/x86_64-linux-gnu/libxcb-present.so.0.0.0
7f917432a000-7f917432b000 rw-p 00002000 08:03 1617339                    /usr/lib/x86_64-linux-gnu/libxcb-present.so.0.0.0
7f917432b000-7f917432d000 r-xp 00000000 08:03 1614611                    /usr/lib/x86_64-linux-gnu/libxcb-dri3.so.0.0.0
7f917432d000-7f917452c000 ---p 00002000 08:03 1614611                    /usr/lib/x86_64-linux-gnu/libxcb-dri3.so.0.0.0
7f917452c000-7f917452d000 r--p 00001000 08:03 1614611                    /usr/lib/x86_64-linux-gnu/libxcb-dri3.so.0.0.0
7f917452d000-7f917452e000 rw-p 00002000 08:03 1614611                    /usr/lib/x86_64-linux-gnu/libxcb-dri3.so.0.0.0
7f917452e000-7f9174554000 r-xp 00000000 08:03 1449680                    /lib/x86_64-linux-gnu/libexpat.so.1.6.0
7f9174554000-7f9174754000 ---p 00026000 08:03 1449680                    /lib/x86_64-linux-gnu/libexpat.so.1.6.0
7f9174754000-7f9174756000 r--p 00026000 08:03 1449680                    /lib/x86_64-linux-gnu/libexpat.so.1.6.0
7f9174756000-7f9174757000 rw-p 00028000 08:03 1449680                    /lib/x86_64-linux-gnu/libexpat.so.1.6.0
7f9174757000-7f91747c5000 r-xp 00000000 08:03 917794                     /usr/lib/x86_64-linux-gnu/mesa/libGL.so.1.2.0
7f91747c5000-7f91749c4000 ---p 0006e000 08:03 917794                     /usr/lib/x86_64-linux-gnu/mesa/libGL.so.1.2.0
7f91749c4000-7f91749c7000 r--p 0006d000 08:03 917794                     /usr/lib/x86_64-linux-gnu/mesa/libGL.so.1.2.0
7f91749c7000-7f91749c8000 rw-p 00070000 08:03 917794                     /usr/lib/x86_64-linux-gnu/mesa/libGL.so.1.2.0
7f91749c8000-7f91749c9000 rw-p 00000000 00:00 0 
7f91749c9000-7f91749ce000 r-xp 00000000 08:03 1617406                    /usr/lib/x86_64-linux-gnu/libXxf86vm.so.1.0.0
7f91749ce000-7f9174bcd000 ---p 00005000 08:03 1617406                    /usr/lib/x86_64-linux-gnu/libXxf86vm.so.1.0.0
7f9174bcd000-7f9174bce000 r--p 00004000 08:03 1617406                    /usr/lib/x86_64-linux-gnu/libXxf86vm.so.1.0.0
7f9174bce000-7f9174bcf000 rw-p 00005000 08:03 1617406                    /usr/lib/x86_64-linux-gnu/libXxf86vm.so.1.0.0
7f9174bcf000-7f9174c3f000 r-xp 00000000 08:03 1446238                    /tmp/libgdxshamery/31ce78a2/liblwjgl64.so
7f9174c3f000-7f9174e3f000 ---p 00070000 08:03 1446238                    /tmp/libgdxshamery/31ce78a2/liblwjgl64.so
7f9174e3f000-7f9174e41000 r--p 00070000 08:03 1446238                    /tmp/libgdxshamery/31ce78a2/liblwjgl64.so
7f9174e41000-7f9174e42000 rw-p 00072000 08:03 1446238                    /tmp/libgdxshamery/31ce78a2/liblwjgl64.so
7f9174e42000-7f9174e43000 r-xp 00000000 08:03 1056759                    /usr/lib/jvm/java-8-openjdk-amd64/jre/lib/amd64/libjawt.so
7f9174e43000-7f9175042000 ---p 00001000 08:03 1056759                    /usr/lib/jvm/java-8-openjdk-amd64/jre/lib/amd64/libjawt.so
7f9175042000-7f9175043000 r--p 00000000 08:03 1056759                    /usr/lib/jvm/java-8-openjdk-amd64/jre/lib/amd64/libjawt.so
7f9175043000-7f9175044000 rw-p 00001000 08:03 1056759                    /usr/lib/jvm/java-8-openjdk-amd64/jre/lib/amd64/libjawt.so
7f9175044000-7f917507c000 r-xp 00000000 08:03 1446236                    /tmp/libgdxshamery/6ef2d459/libgdx64.so
7f917507c000-7f917527b000 ---p 00038000 08:03 1446236                    /tmp/libgdxshamery/6ef2d459/libgdx64.so
7f917527b000-7f917527c000 r--p 00037000 08:03 1446236                    /tmp/libgdxshamery/6ef2d459/libgdx64.so
7f917527c000-7f917527d000 rw-p 00038000 08:03 1446236                    /tmp/libgdxshamery/6ef2d459/libgdx64.so
7f917527d000-7f917547d000 rw-p 00000000 00:00 0 
7f917547d000-7f917567d000 rw-p 00000000 00:00 0 
7f917567d000-7f91756d4000 r-xp 00000000 08:03 1611474                    /usr/lib/x86_64-linux-gnu/libjpeg.so.8.0.2
7f91756d4000-7f91758d4000 ---p 00057000 08:03 1611474                    /usr/lib/x86_64-linux-gnu/libjpeg.so.8.0.2
7f91758d4000-7f91758d5000 r--p 00057000 08:03 1611474                    /usr/lib/x86_64-linux-gnu/libjpeg.so.8.0.2
7f91758d5000-7f91758d6000 rw-p 00058000 08:03 1611474                    /usr/lib/x86_64-linux-gnu/libjpeg.so.8.0.2
7f91758d6000-7f91758e0000 r-xp 00000000 08:03 1079903                    /usr/lib/jvm/java-8-openjdk-amd64/jre/lib/amd64/libjavajpeg.so
7f91758e0000-7f9175adf000 ---p 0000a000 08:03 1079903                    /usr/lib/jvm/java-8-openjdk-amd64/jre/lib/amd64/libjavajpeg.so
7f9175adf000-7f9175ae0000 r--p 00009000 08:03 1079903                    /usr/lib/jvm/java-8-openjdk-amd64/jre/lib/amd64/libjavajpeg.so
7f9175ae0000-7f9175ae1000 rw-p 0000a000 08:03 1079903                    /usr/lib/jvm/java-8-openjdk-amd64/jre/lib/amd64/libjavajpeg.so
7f9175ae1000-7f9175aeb000 r-xp 00000000 08:03 1610174                    /usr/lib/x86_64-linux-gnu/libXrandr.so.2.2.0
7f9175aeb000-7f9175cea000 ---p 0000a000 08:03 1610174                    /usr/lib/x86_64-linux-gnu/libXrandr.so.2.2.0
7f9175cea000-7f9175ceb000 r--p 00009000 08:03 1610174                    /usr/lib/x86_64-linux-gnu/libXrandr.so.2.2.0
7f9175ceb000-7f9175cec000 rw-p 0000a000 08:03 1610174                    /usr/lib/x86_64-linux-gnu/libXrandr.so.2.2.0
7f9175cec000-7f9175eec000 rw-p 00000000 00:00 0 
7f917603c000-7f917604c000 rw-s 00000000 00:05 379153                     /drm mm object (deleted)
7f917604c000-7f9176054000 rw-s 00000000 00:05 379152                     /drm mm object (deleted)
7f9176054000-7f9176064000 rw-s 00000000 00:05 379151                     /drm mm object (deleted)
7f9176064000-7f917606c000 rw-s 00000000 00:05 379150                     /drm mm object (deleted)
7f917606c000-7f917607c000 rw-s 00000000 00:05 379149                     /drm mm object (deleted)
7f917607c000-7f9176084000 rw-s 00000000 00:05 379148                     /drm mm object (deleted)
7f9176084000-7f9176094000 rw-s 00000000 00:05 379147                     /drm mm object (deleted)
7f9176094000-7f917609c000 rw-s 00000000 00:05 379146                     /drm mm object (deleted)
7f917609c000-7f91760ac000 rw-s 00000000 00:05 379965                     /drm mm object (deleted)
7f91760ac000-7f91760bc000 rw-s 00000000 00:05 379963                     /drm mm object (deleted)
7f91760bc000-7f91760cc000 rw-s 00000000 00:05 378952                     /drm mm object (deleted)
7f91760cc000-7f91760dc000 rw-s 00000000 00:05 379961                     /drm mm object (deleted)
7f91760dc000-7f91760e4000 rw-s 00000000 00:05 373473                     /drm mm object (deleted)
7f91760e4000-7f91760ec000 rw-s 00000000 00:05 379964                     /drm mm object (deleted)
7f91760ec000-7f91760ef000 ---p 00000000 00:00 0 
7f91760ef000-7f91763ed000 rw-p 00000000 00:00 0 
7f91763ed000-7f91765ed000 rw-p 00000000 00:00 0 
7f91765ed000-7f91767ed000 rw-p 00000000 00:00 0 
7f91767ed000-7f91769ed000 rw-p 00000000 00:00 0 
7f91769ed000-7f9176bed000 rw-p 00000000 00:00 0 
7f9176bed000-7f9176bf0000 ---p 00000000 00:00 0 
7f9176bf0000-7f9176cee000 rw-p 00000000 00:00 0 
7f9176cee000-7f9176fb6000 r--s 00000000 08:03 1867355                    /var/cache/nscd/group
7f9176fb6000-7f91771b6000 rw-p 00000000 00:00 0 
7f91771b6000-7f91773b6000 rw-p 00000000 00:00 0 
7f91773b6000-7f91773bf000 r-xp 00000000 08:03 1450248                    /lib/x86_64-linux-gnu/libcrypt-2.23.so
7f91773bf000-7f91775be000 ---p 00009000 08:03 1450248                    /lib/x86_64-linux-gnu/libcrypt-2.23.so
7f91775be000-7f91775bf000 r--p 00008000 08:03 1450248                    /lib/x86_64-linux-gnu/libcrypt-2.23.so
7f91775bf000-7f91775c0000 rw-p 00009000 08:03 1450248                    /lib/x86_64-linux-gnu/libcrypt-2.23.so
7f91775c0000-7f91775ee000 rw-p 00000000 00:00 0 
7f91775ee000-7f9177600000 r-xp 00000000 08:03 1446233                    /tmp/jffi2761022609807197483.tmp (deleted)
7f9177600000-7f91777ff000 ---p 00012000 08:03 1446233                    /tmp/jffi2761022609807197483.tmp (deleted)
7f91777ff000-7f9177800000 rw-p 00011000 08:03 1446233                    /tmp/jffi2761022609807197483.tmp (deleted)
7f9177800000-7f9177a00000 rw-p 00000000 00:00 0 
7f9177a00000-7f9177c00000 rw-p 00000000 00:00 0 
7f9177c00000-7f9177e00000 rw-p 00000000 00:00 0 
7f9177e00000-7f9178000000 rw-p 00000000 00:00 0 
7f9178000000-7f9178021000 rw-p 00000000 00:00 0 
7f9178021000-7f917c000000 ---p 00000000 00:00 0 
7f917c000000-7f9180000000 rw-p 00000000 00:00 0 
7f9180000000-7f9180021000 rw-p 00000000 00:00 0 
7f9180021000-7f9184000000 ---p 00000000 00:00 0 
7f9184000000-7f9184002000 r--s 00000000 08:03 1867279                    /var/cache/fontconfig/6e6b34ae150a7ad95e82fb4a522f0bda-le64.cache-6
7f9184002000-7f9184003000 r--s 00000000 08:03 1867349                    /var/cache/fontconfig/3334a778d104e76d188e9df399bc24d2-le64.cache-6
7f9184003000-7f9184005000 r--s 00000000 08:03 1867339                    /var/cache/fontconfig/43bfe21a9e1edebcf703d79ee2950b06-le64.cache-6
7f9184005000-7f9184012000 r--s 00000000 08:03 1867316                    /var/cache/fontconfig/8f02d4cb045bd6ce15663e43f347c9f8-le64.cache-6
7f9184012000-7f918404a000 rw-s 00000000 00:05 279151                     /drm mm object (deleted)
7f918404a000-7f91840ca000 r-xp 00000000 08:03 1441906                    /lib/x86_64-linux-gnu/libsystemd.so.0.14.0
7f91840ca000-7f91840cd000 r--p 0007f000 08:03 1441906                    /lib/x86_64-linux-gnu/libsystemd.so.0.14.0
7f91840cd000-7f91840ce000 rw-p 00082000 08:03 1441906                    /lib/x86_64-linux-gnu/libsystemd.so.0.14.0
7f91840ce000-7f91840cf000 rw-p 00000000 00:00 0 
7f91840cf000-7f91840d2000 ---p 00000000 00:00 0 
7f91840d2000-7f91843d0000 rw-p 00000000 00:00 0 
7f91843d0000-7f91845d0000 rw-p 00000000 00:00 0 
7f91845d0000-7f91847d0000 rw-p 00000000 00:00 0 
7f91847d0000-7f91847d3000 ---p 00000000 00:00 0 
7f91847d3000-7f91848d1000 rw-p 00000000 00:0